Exporter version: 6.3.0, Blender version: 2.81 (sub 16)
========= Conversion from Blender to Babylon.js =========
	Scene settings used :
		Inline textures     :  false
		Material Type       :  PBR
		Positions Precision :  4
		Normals Precision   :  3
		UVs Precision       :  3
		Vert Color Precision:  3
		Mat Weight Precision:  2
		Keep Z-up r-handed  :  no
		Texture directory   :  C:\Users\Daniel\Google Drive\WWU Classes\CPTR-355\Project\HeightMap\
	Python World class constructor completed
	processing begun of camera (UniversalCamera):  Camera
	processing begun of mesh:  Plane
		WARNING: No materials have been assigned: 
		num positions      :  9921
		num normals        :  9921
		num tangents       :  0
		num uvs            :  19842
		num uvs2           :  0
		num colors         :  0
		num indices        :  32508
		WARNING: # of 0 area faces found:  780
	processing begun of light (POINT):  Light
========= Writing of JSON file started =========
	writing mesh:  Plane
========= Writing of JSON file completed =========
========= end of processing =========
elapsed time:  0 min, 1.4078 secs
